{"message":"Hello world!","level":"info","service":"user-service"}
{"message":"Hello world!","level":"info","service":"user-service"}
{"message":"Hello world!","level":"error","service":"user-service"}
{"message":"Hello world!","level":"info","service":"user-service"}
{"message":"Example app listening on port 3000!","level":"info","service":"user-service"}
{"message":"Example app listening on port 3000!","level":"info","service":"user-service"}
{"message":"Example app listening on port 3000!","level":"info","service":"user-service"}
{"message":"Example app listening on port 3000!","level":"info","service":"user-service"}
{"message":"/login","level":"info","service":"user-service"}
{"message":"Example app listening on port 3000!","level":"info","service":"user-service"}
{"message":"Example app listening on port 3000!","level":"info","service":"user-service"}
{"message":"Example app listening on port 3000!","level":"info","service":"user-service"}
{"message":"Example app listening on port 3000!","level":"info","service":"user-service"}
{"level":"info","service":"user-service"}
{"message":"Example app listening on port 3000!","level":"info","service":"user-service"}
{"message":"eyJhbGciOiJIUzI1NiIsInR5cCI6IkpXVCJ9.eyJpZCI6IlJlaWxseSIsImhhc1dlYXRoZXJQZXJtaXNzaW9uIjp0cnVlLCJpYXQiOjE1NzQ4OTU5MDV9.mu8lHlzrR41uFRkXtQ5oB-zi0i3KqP7082VkpNUo-2c","level":"info","service":"user-service"}
{"message":"eyJhbGciOiJIUzI1NiIsInR5cCI6IkpXVCJ9.eyJ1c2VyIjoiUmVpbGx5IiwiaXNBZG1pbiI6dHJ1ZSwiaWF0IjoxNTc0OTY4MjEyfQ.xC1xnGwswUmgAgQaJIvsA2Kq7HtLl5DRg0dyHy08loI","level":"info","service":"user-service"}
{"message":"Example app listening on port 3000!","level":"info","service":"user-service"}
{"message":"Example app listening on port 3000!","level":"info","service":"user-service"}
{"message":"Example app listening on port 3000!","level":"info","service":"user-service"}
{"message":"Example app listening on port 3000!","level":"info","service":"user-service"}
{"message":"Example app listening on port 3000!","level":"info","service":"user-service"}
{"message":"Example app listening on port 3000!","level":"info","service":"user-service"}
{"message":{"user":"Reilly","isAdmin":true,"iat":1574968212},"level":"info","service":"user-service"}
{"message":"Example app listening on port 3000!","level":"info","service":"user-service"}
{"message":{"user":"Reilly","isAdmin":true,"iat":1574968212},"level":"info","service":"user-service"}
{"message":"Example app listening on port 3000!","level":"info","service":"user-service"}
{"message":"Admin","level":"info","service":"user-service"}
{"message":"Example app listening on port 3000!","level":"info","service":"user-service"}
{"message":false,"level":"info","service":"user-service"}
{"message":"Example app listening on port 3000!","level":"info","service":"user-service"}
{"message":"Example app listening on port 3000!","level":"info","service":"user-service"}
{"message":"Example app listening on port 3000!","level":"info","service":"user-service"}
{"message":"Example app listening on port 3000!","level":"info","service":"user-service"}
{"message":"Example app listening on port 3000!","level":"info","service":"user-service"}
{"message":"Example app listening on port 3000!","level":"info","service":"user-service"}
{"message":"Example app listening on port 3000!","level":"info","service":"user-service"}
{"message":"Example app listening on port 3000!","level":"info","service":"user-service"}
{"message":"Example app listening on port 3000!","level":"info","service":"user-service"}
{"message":"Example app listening on port 3000!","level":"info","service":"user-service"}
{"message":"Example app listening on port 3000!","level":"info","service":"user-service"}
{"message":"Example app listening on port 3000!","level":"info","service":"user-service"}
{"message":"Example app listening on port 3000!","level":"info","service":"user-service"}
{"message":"Example app listening on port 3000!","level":"info","service":"user-service"}
{"message":"In master: true","level":"info","service":"user-service"}
{"message":"Example app listening on port 3000!","level":"info","service":"user-service"}
{"message":"In master: true","level":"info","service":"user-service"}
{"message":"In master: true","level":"info","service":"user-service"}
{"message":"In master: true","level":"info","service":"user-service"}
{"message":"Example app listening on port 3000!","level":"info","service":"user-service"}
{"message":"In master: true","level":"info","service":"user-service"}
{"message":"Example app listening on port 3000!","level":"info","service":"user-service"}
{"message":"In master: true","level":"info","service":"user-service"}
{"message":"Example app listening on port 3000!","level":"info","service":"user-service"}
{"message":"In master: true","level":"info","service":"user-service"}
{"message":"Example app listening on port 3000!","level":"info","service":"user-service"}
{"message":"In master: true","level":"info","service":"user-service"}
{"message":"In master: false","level":"info","service":"user-service"}
{"message":"Example app listening on port 3000!","level":"info","service":"user-service"}
{"message":"In master: false","level":"info","service":"user-service"}
{"message":"Example app listening on port 3000!","level":"info","service":"user-service"}
{"message":"In master: false","level":"info","service":"user-service"}
{"message":"Example app listening on port 3000!","level":"info","service":"user-service"}
{"message":"In master: false","level":"info","service":"user-service"}
{"message":"Example app listening on port 3000!","level":"info","service":"user-service"}
{"message":"In master: false","level":"info","service":"user-service"}
{"message":"Example app listening on port 3000!","level":"info","service":"user-service"}
{"message":"In master: false","level":"info","service":"user-service"}
{"message":"Example app listening on port 3000!","level":"info","service":"user-service"}
{"message":"In master: false","level":"info","service":"user-service"}
{"message":"Example app listening on port 3000!","level":"info","service":"user-service"}
{"message":"In master: false","level":"info","service":"user-service"}
{"message":"Example app listening on port 3000!","level":"info","service":"user-service"}
{"message":"In master: true","level":"info","service":"user-service"}
{"message":"In master: false","level":"info","service":"user-service"}
{"message":"Example app listening on port 3000!","level":"info","service":"user-service"}
{"message":"In master: false","level":"info","service":"user-service"}
{"message":"Example app listening on port 3000!","level":"info","service":"user-service"}
{"message":"In master: false","level":"info","service":"user-service"}
{"message":"Example app listening on port 3000!","level":"info","service":"user-service"}
{"message":"In master: false","level":"info","service":"user-service"}
{"message":"Example app listening on port 3000!","level":"info","service":"user-service"}
{"message":"In master: false","level":"info","service":"user-service"}
{"message":"Example app listening on port 3000!","level":"info","service":"user-service"}
{"message":"In master: false","level":"info","service":"user-service"}
{"message":"Example app listening on port 3000!","level":"info","service":"user-service"}
{"message":"In master: false","level":"info","service":"user-service"}
{"message":"Example app listening on port 3000!","level":"info","service":"user-service"}
{"message":"In master: false","level":"info","service":"user-service"}
{"message":"Example app listening on port 3000!","level":"info","service":"user-service"}
{"message":"Example app listening on port 3000!","level":"info","service":"user-service"}
{"message":"Example app listening on port 3000!","level":"info","service":"user-service"}
{"message":"Example app listening on port 3000!","level":"info","service":"user-service"}
{"message":"Example app listening on port 3000!","level":"info","service":"user-service"}
{"message":"Example app listening on port 3000!","level":"info","service":"user-service"}
{"message":"Example app listening on port 3000!","level":"info","service":"user-service"}
{"message":"Example app listening on port 3000!","level":"info","service":"user-service"}
{"message":"Example app listening on port 3000!","level":"info","service":"user-service"}
{"message":"Example app listening on port 3000!","level":"info","service":"user-service"}
{"message":"Example app listening on port 3000!","level":"info","service":"user-service"}
{"message":"Example app listening on port 3000!","level":"info","service":"user-service"}
{"message":"Example app listening on port 3000!","level":"info","service":"user-service"}
{"message":"Example app listening on port 3000!","level":"info","service":"user-service"}
{"message":"Example app listening on port 3000!","level":"info","service":"user-service"}
{"message":"Example app listening on port 3000!","level":"info","service":"user-service"}
{"message":"Example app listening on port 3000!","level":"info","service":"user-service"}
{"message":"Example app listening on port 3000!","level":"info","service":"user-service"}
{"message":"Example app listening on port 3000!","level":"info","service":"user-service"}
{"message":"Example app listening on port 3000!","level":"info","service":"user-service"}
{"message":"Example app listening on port 3000!","level":"info","service":"user-service"}
{"message":"Example app listening on port 3000!","level":"info","service":"user-service"}
{"message":"Example app listening on port 3000!","level":"info","service":"user-service"}
{"message":"Example app listening on port 3000!","level":"info","service":"user-service"}
{"message":"Example app listening on port 3000!","level":"info","service":"user-service"}
{"message":"Example app listening on port 3000!","level":"info","service":"user-service"}
{"message":"Example app listening on port 3000!","level":"info","service":"user-service"}
{"message":"Example app listening on port 3000!","level":"info","service":"user-service"}
{"message":"Example app listening on port 3000!","level":"info","service":"user-service"}
{"message":"Example app listening on port 3000!","level":"info","service":"user-service"}
{"message":"Example app listening on port 3000!","level":"info","service":"user-service"}
{"message":"Example app listening on port 3000!","level":"info","service":"user-service"}
{"message":"Example app listening on port 3000!","level":"info","service":"user-service"}
{"message":"Example app listening on port 3000!","level":"info","service":"user-service"}
{"message":"Example app listening on port 3000!!","level":"info","service":"user-service"}
{"message":"Example app listening on port 3000!","level":"info","service":"user-service"}
